{"/Users/sunilshrestha/NodeJS/t2-backendapi-sunil172/validation.js": {"path":"/Users/sunilshrestha/NodeJS/t2-backendapi-sunil172/validation.js","statementMap":{"0":{"start":{"line":1,"column":18},"end":{"line":1,"column":38}},"1":{"start":{"line":3,"column":22},"end":{"line":21,"column":1}},"2":{"start":{"line":4,"column":14},"end":{"line":4,"column":16}},"3":{"start":{"line":6,"column":1},"end":{"line":10,"column":46}},"4":{"start":{"line":7,"column":2},"end":{"line":9,"column":3}},"5":{"start":{"line":8,"column":3},"end":{"line":8,"column":56}},"6":{"start":{"line":10,"column":8},"end":{"line":10,"column":46}},"7":{"start":{"line":12,"column":1},"end":{"line":16,"column":50}},"8":{"start":{"line":13,"column":2},"end":{"line":15,"column":3}},"9":{"start":{"line":14,"column":3},"end":{"line":14,"column":67}},"10":{"start":{"line":16,"column":8},"end":{"line":16,"column":50}},"11":{"start":{"line":17,"column":1},"end":{"line":20,"column":3}},"12":{"start":{"line":23,"column":0},"end":{"line":25,"column":2}}},"fnMap":{"0":{"name":"(anonymous_0)","decl":{"start":{"line":3,"column":22},"end":{"line":3,"column":23}},"loc":{"start":{"line":3,"column":32},"end":{"line":21,"column":1}},"line":3}},"branchMap":{"0":{"loc":{"start":{"line":6,"column":1},"end":{"line":10,"column":46}},"type":"if","locations":[{"start":{"line":6,"column":1},"end":{"line":10,"column":46}},{"start":{"line":6,"column":1},"end":{"line":10,"column":46}}],"line":6},"1":{"loc":{"start":{"line":7,"column":2},"end":{"line":9,"column":3}},"type":"if","locations":[{"start":{"line":7,"column":2},"end":{"line":9,"column":3}},{"start":{"line":7,"column":2},"end":{"line":9,"column":3}}],"line":7},"2":{"loc":{"start":{"line":12,"column":1},"end":{"line":16,"column":50}},"type":"if","locations":[{"start":{"line":12,"column":1},"end":{"line":16,"column":50}},{"start":{"line":12,"column":1},"end":{"line":16,"column":50}}],"line":12},"3":{"loc":{"start":{"line":13,"column":2},"end":{"line":15,"column":3}},"type":"if","locations":[{"start":{"line":13,"column":2},"end":{"line":15,"column":3}},{"start":{"line":13,"column":2},"end":{"line":15,"column":3}}],"line":13}},"s":{"0":3,"1":3,"2":6,"3":6,"4":5,"5":0,"6":1,"7":6,"8":6,"9":1,"10":0,"11":6,"12":3},"f":{"0":6},"b":{"0":[5,1],"1":[0,5],"2":[6,0],"3":[1,5]},"_coverageSchema":"1a1c01bbd47fc00a2c39e90264f33305004495a9","hash":"fc45534cf65a3ea4bf4797cef6fe3bf97c093dd0"}
,"/Users/sunilshrestha/NodeJS/t2-backendapi-sunil172/models/Agenda.js": {"path":"/Users/sunilshrestha/NodeJS/t2-backendapi-sunil172/models/Agenda.js","statementMap":{"0":{"start":{"line":1,"column":17},"end":{"line":1,"column":36}},"1":{"start":{"line":3,"column":21},"end":{"line":10,"column":22}},"2":{"start":{"line":12,"column":0},"end":{"line":12,"column":56}}},"fnMap":{},"branchMap":{},"s":{"0":1,"1":1,"2":1},"f":{},"b":{},"_coverageSchema":"1a1c01bbd47fc00a2c39e90264f33305004495a9","hash":"ded9405d3c3f7292689c73fecf52b4e22b1d714e"}
,"/Users/sunilshrestha/NodeJS/t2-backendapi-sunil172/models/Decision.js": {"path":"/Users/sunilshrestha/NodeJS/t2-backendapi-sunil172/models/Decision.js","statementMap":{"0":{"start":{"line":1,"column":17},"end":{"line":1,"column":36}},"1":{"start":{"line":3,"column":0},"end":{"line":7,"column":23}},"2":{"start":{"line":9,"column":0},"end":{"line":9,"column":60}}},"fnMap":{},"branchMap":{},"s":{"0":1,"1":1,"2":1},"f":{},"b":{},"_coverageSchema":"1a1c01bbd47fc00a2c39e90264f33305004495a9","hash":"85208bcc0a3f02223524894941ac28e6adb015df"}
,"/Users/sunilshrestha/NodeJS/t2-backendapi-sunil172/models/Schedule.js": {"path":"/Users/sunilshrestha/NodeJS/t2-backendapi-sunil172/models/Schedule.js","statementMap":{"0":{"start":{"line":1,"column":17},"end":{"line":1,"column":36}},"1":{"start":{"line":2,"column":13},"end":{"line":2,"column":30}},"2":{"start":{"line":3,"column":17},"end":{"line":3,"column":45}},"3":{"start":{"line":4,"column":15},"end":{"line":4,"column":41}},"4":{"start":{"line":6,"column":23},"end":{"line":48,"column":1}},"5":{"start":{"line":50,"column":0},"end":{"line":50,"column":60}}},"fnMap":{},"branchMap":{},"s":{"0":1,"1":1,"2":1,"3":1,"4":1,"5":1},"f":{},"b":{},"_coverageSchema":"1a1c01bbd47fc00a2c39e90264f33305004495a9","hash":"f91872dab946937ea8b9a10146c0da00a25d57cb"}
,"/Users/sunilshrestha/NodeJS/t2-backendapi-sunil172/models/User.js": {"path":"/Users/sunilshrestha/NodeJS/t2-backendapi-sunil172/models/User.js","statementMap":{"0":{"start":{"line":1,"column":17},"end":{"line":1,"column":36}},"1":{"start":{"line":3,"column":19},"end":{"line":34,"column":1}},"2":{"start":{"line":36,"column":0},"end":{"line":36,"column":52}}},"fnMap":{},"branchMap":{},"s":{"0":3,"1":3,"2":3},"f":{},"b":{},"_coverageSchema":"1a1c01bbd47fc00a2c39e90264f33305004495a9","hash":"9403ddeaf00caa6ad66f614b7c0e6b00276ca298"}
,"/Users/sunilshrestha/NodeJS/t2-backendapi-sunil172/routes/auth.js": {"path":"/Users/sunilshrestha/NodeJS/t2-backendapi-sunil172/routes/auth.js","statementMap":{"0":{"start":{"line":1,"column":12},"end":{"line":1,"column":35}},"1":{"start":{"line":4,"column":21},"end":{"line":4,"column":46}},"2":{"start":{"line":5,"column":4},"end":{"line":9,"column":5}},"3":{"start":{"line":6,"column":18},"end":{"line":6,"column":53}},"4":{"start":{"line":7,"column":8},"end":{"line":7,"column":25}},"5":{"start":{"line":8,"column":8},"end":{"line":8,"column":25}},"6":{"start":{"line":10,"column":20},"end":{"line":10,"column":44}},"7":{"start":{"line":11,"column":8},"end":{"line":20,"column":10}},"8":{"start":{"line":12,"column":8},"end":{"line":16,"column":9}},"9":{"start":{"line":13,"column":22},"end":{"line":13,"column":63}},"10":{"start":{"line":14,"column":12},"end":{"line":14,"column":29}},"11":{"start":{"line":15,"column":12},"end":{"line":15,"column":29}},"12":{"start":{"line":17,"column":8},"end":{"line":17,"column":27}},"13":{"start":{"line":18,"column":8},"end":{"line":18,"column":29}},"14":{"start":{"line":19,"column":8},"end":{"line":19,"column":15}},"15":{"start":{"line":25,"column":4},"end":{"line":34,"column":5}},"16":{"start":{"line":26,"column":18},"end":{"line":26,"column":59}},"17":{"start":{"line":27,"column":8},"end":{"line":27,"column":25}},"18":{"start":{"line":28,"column":8},"end":{"line":28,"column":25}},"19":{"start":{"line":30,"column":9},"end":{"line":34,"column":5}},"20":{"start":{"line":31,"column":18},"end":{"line":31,"column":40}},"21":{"start":{"line":32,"column":8},"end":{"line":32,"column":25}},"22":{"start":{"line":33,"column":8},"end":{"line":33,"column":25}},"23":{"start":{"line":35,"column":4},"end":{"line":35,"column":11}},"24":{"start":{"line":39,"column":4},"end":{"line":48,"column":5}},"25":{"start":{"line":40,"column":18},"end":{"line":40,"column":61}},"26":{"start":{"line":41,"column":8},"end":{"line":41,"column":25}},"27":{"start":{"line":42,"column":8},"end":{"line":42,"column":25}},"28":{"start":{"line":44,"column":9},"end":{"line":48,"column":5}},"29":{"start":{"line":45,"column":18},"end":{"line":45,"column":41}},"30":{"start":{"line":46,"column":8},"end":{"line":46,"column":25}},"31":{"start":{"line":47,"column":8},"end":{"line":47,"column":25}},"32":{"start":{"line":49,"column":4},"end":{"line":49,"column":11}},"33":{"start":{"line":52,"column":0},"end":{"line":52,"column":55}}},"fnMap":{"0":{"name":"verifyUser","decl":{"start":{"line":3,"column":9},"end":{"line":3,"column":19}},"loc":{"start":{"line":3,"column":37},"end":{"line":22,"column":1}},"line":3},"1":{"name":"(anonymous_1)","decl":{"start":{"line":11,"column":46},"end":{"line":11,"column":47}},"loc":{"start":{"line":11,"column":64},"end":{"line":20,"column":9}},"line":11},"2":{"name":"verifyBasic","decl":{"start":{"line":24,"column":9},"end":{"line":24,"column":20}},"loc":{"start":{"line":24,"column":38},"end":{"line":36,"column":1}},"line":24},"3":{"name":"verfiyAdmin","decl":{"start":{"line":38,"column":9},"end":{"line":38,"column":20}},"loc":{"start":{"line":38,"column":38},"end":{"line":50,"column":1}},"line":38}},"branchMap":{"0":{"loc":{"start":{"line":5,"column":4},"end":{"line":9,"column":5}},"type":"if","locations":[{"start":{"line":5,"column":4},"end":{"line":9,"column":5}},{"start":{"line":5,"column":4},"end":{"line":9,"column":5}}],"line":5},"1":{"loc":{"start":{"line":12,"column":8},"end":{"line":16,"column":9}},"type":"if","locations":[{"start":{"line":12,"column":8},"end":{"line":16,"column":9}},{"start":{"line":12,"column":8},"end":{"line":16,"column":9}}],"line":12},"2":{"loc":{"start":{"line":25,"column":4},"end":{"line":34,"column":5}},"type":"if","locations":[{"start":{"line":25,"column":4},"end":{"line":34,"column":5}},{"start":{"line":25,"column":4},"end":{"line":34,"column":5}}],"line":25},"3":{"loc":{"start":{"line":30,"column":9},"end":{"line":34,"column":5}},"type":"if","locations":[{"start":{"line":30,"column":9},"end":{"line":34,"column":5}},{"start":{"line":30,"column":9},"end":{"line":34,"column":5}}],"line":30},"4":{"loc":{"start":{"line":39,"column":4},"end":{"line":48,"column":5}},"type":"if","locations":[{"start":{"line":39,"column":4},"end":{"line":48,"column":5}},{"start":{"line":39,"column":4},"end":{"line":48,"column":5}}],"line":39},"5":{"loc":{"start":{"line":44,"column":9},"end":{"line":48,"column":5}},"type":"if","locations":[{"start":{"line":44,"column":9},"end":{"line":48,"column":5}},{"start":{"line":44,"column":9},"end":{"line":48,"column":5}}],"line":44}},"s":{"0":2,"1":76,"2":76,"3":0,"4":0,"5":0,"6":76,"7":76,"8":76,"9":0,"10":0,"11":0,"12":76,"13":76,"14":76,"15":0,"16":0,"17":0,"18":0,"19":0,"20":0,"21":0,"22":0,"23":0,"24":0,"25":0,"26":0,"27":0,"28":0,"29":0,"30":0,"31":0,"32":0,"33":2},"f":{"0":76,"1":76,"2":0,"3":0},"b":{"0":[0,76],"1":[0,76],"2":[0,0],"3":[0,0],"4":[0,0],"5":[0,0]},"_coverageSchema":"1a1c01bbd47fc00a2c39e90264f33305004495a9","hash":"7249e62d852f86a587f973eb4bc5ddc09df4f8aa"}
,"/Users/sunilshrestha/NodeJS/t2-backendapi-sunil172/routes/participantsRouter.js": {"path":"/Users/sunilshrestha/NodeJS/t2-backendapi-sunil172/routes/participantsRouter.js","statementMap":{"0":{"start":{"line":1,"column":16},"end":{"line":1,"column":34}},"1":{"start":{"line":2,"column":13},"end":{"line":2,"column":38}},"2":{"start":{"line":3,"column":15},"end":{"line":3,"column":31}},"3":{"start":{"line":4,"column":13},"end":{"line":4,"column":30}},"4":{"start":{"line":6,"column":0},"end":{"line":33,"column":4}},"5":{"start":{"line":9,"column":2},"end":{"line":13,"column":16}},"6":{"start":{"line":11,"column":4},"end":{"line":11,"column":20}},"7":{"start":{"line":16,"column":77},"end":{"line":16,"column":85}},"8":{"start":{"line":17,"column":2},"end":{"line":32,"column":16}},"9":{"start":{"line":19,"column":4},"end":{"line":30,"column":5}},"10":{"start":{"line":20,"column":5},"end":{"line":23,"column":8}},"11":{"start":{"line":25,"column":5},"end":{"line":29,"column":19}},"12":{"start":{"line":27,"column":7},"end":{"line":27,"column":22}},"13":{"start":{"line":34,"column":0},"end":{"line":56,"column":4}},"14":{"start":{"line":37,"column":2},"end":{"line":41,"column":16}},"15":{"start":{"line":39,"column":4},"end":{"line":39,"column":19}},"16":{"start":{"line":44,"column":2},"end":{"line":48,"column":16}},"17":{"start":{"line":46,"column":4},"end":{"line":46,"column":25}},"18":{"start":{"line":51,"column":2},"end":{"line":55,"column":16}},"19":{"start":{"line":53,"column":4},"end":{"line":53,"column":20}},"20":{"start":{"line":58,"column":0},"end":{"line":58,"column":24}}},"fnMap":{"0":{"name":"(anonymous_0)","decl":{"start":{"line":8,"column":6},"end":{"line":8,"column":7}},"loc":{"start":{"line":8,"column":26},"end":{"line":14,"column":2}},"line":8},"1":{"name":"(anonymous_1)","decl":{"start":{"line":10,"column":9},"end":{"line":10,"column":10}},"loc":{"start":{"line":10,"column":20},"end":{"line":12,"column":4}},"line":10},"2":{"name":"(anonymous_2)","decl":{"start":{"line":15,"column":7},"end":{"line":15,"column":8}},"loc":{"start":{"line":15,"column":27},"end":{"line":33,"column":2}},"line":15},"3":{"name":"(anonymous_3)","decl":{"start":{"line":18,"column":9},"end":{"line":18,"column":10}},"loc":{"start":{"line":18,"column":19},"end":{"line":31,"column":4}},"line":18},"4":{"name":"(anonymous_4)","decl":{"start":{"line":26,"column":12},"end":{"line":26,"column":13}},"loc":{"start":{"line":26,"column":22},"end":{"line":28,"column":7}},"line":26},"5":{"name":"(anonymous_5)","decl":{"start":{"line":36,"column":6},"end":{"line":36,"column":7}},"loc":{"start":{"line":36,"column":26},"end":{"line":42,"column":2}},"line":36},"6":{"name":"(anonymous_6)","decl":{"start":{"line":38,"column":9},"end":{"line":38,"column":10}},"loc":{"start":{"line":38,"column":19},"end":{"line":40,"column":4}},"line":38},"7":{"name":"(anonymous_7)","decl":{"start":{"line":43,"column":6},"end":{"line":43,"column":7}},"loc":{"start":{"line":43,"column":26},"end":{"line":49,"column":2}},"line":43},"8":{"name":"(anonymous_8)","decl":{"start":{"line":45,"column":9},"end":{"line":45,"column":10}},"loc":{"start":{"line":45,"column":25},"end":{"line":47,"column":4}},"line":45},"9":{"name":"(anonymous_9)","decl":{"start":{"line":50,"column":27},"end":{"line":50,"column":28}},"loc":{"start":{"line":50,"column":47},"end":{"line":56,"column":2}},"line":50},"10":{"name":"(anonymous_10)","decl":{"start":{"line":52,"column":9},"end":{"line":52,"column":10}},"loc":{"start":{"line":52,"column":20},"end":{"line":54,"column":4}},"line":52}},"branchMap":{"0":{"loc":{"start":{"line":19,"column":4},"end":{"line":30,"column":5}},"type":"if","locations":[{"start":{"line":19,"column":4},"end":{"line":30,"column":5}},{"start":{"line":19,"column":4},"end":{"line":30,"column":5}}],"line":19}},"s":{"0":2,"1":2,"2":2,"3":2,"4":2,"5":1,"6":1,"7":2,"8":2,"9":2,"10":2,"11":0,"12":0,"13":2,"14":1,"15":0,"16":1,"17":0,"18":0,"19":0,"20":2},"f":{"0":1,"1":1,"2":2,"3":2,"4":0,"5":1,"6":0,"7":1,"8":0,"9":0,"10":0},"b":{"0":[2,0]},"_coverageSchema":"1a1c01bbd47fc00a2c39e90264f33305004495a9","hash":"cd3e1351636b846195d0b089a2bdb8789dcda0dd"}
,"/Users/sunilshrestha/NodeJS/t2-backendapi-sunil172/routes/scheduleRouter.js": {"path":"/Users/sunilshrestha/NodeJS/t2-backendapi-sunil172/routes/scheduleRouter.js","statementMap":{"0":{"start":{"line":1,"column":16},"end":{"line":1,"column":34}},"1":{"start":{"line":2,"column":15},"end":{"line":2,"column":31}},"2":{"start":{"line":4,"column":17},"end":{"line":4,"column":46}},"3":{"start":{"line":5,"column":13},"end":{"line":5,"column":30}},"4":{"start":{"line":6,"column":13},"end":{"line":6,"column":38}},"5":{"start":{"line":8,"column":0},"end":{"line":30,"column":4}},"6":{"start":{"line":11,"column":2},"end":{"line":15,"column":16}},"7":{"start":{"line":13,"column":4},"end":{"line":13,"column":24}},"8":{"start":{"line":18,"column":2},"end":{"line":22,"column":16}},"9":{"start":{"line":20,"column":4},"end":{"line":20,"column":35}},"10":{"start":{"line":25,"column":2},"end":{"line":29,"column":16}},"11":{"start":{"line":27,"column":4},"end":{"line":27,"column":20}},"12":{"start":{"line":32,"column":0},"end":{"line":54,"column":4}},"13":{"start":{"line":35,"column":2},"end":{"line":39,"column":16}},"14":{"start":{"line":37,"column":4},"end":{"line":37,"column":23}},"15":{"start":{"line":42,"column":2},"end":{"line":46,"column":16}},"16":{"start":{"line":44,"column":4},"end":{"line":44,"column":30}},"17":{"start":{"line":49,"column":2},"end":{"line":53,"column":16}},"18":{"start":{"line":51,"column":4},"end":{"line":51,"column":20}},"19":{"start":{"line":56,"column":0},"end":{"line":89,"column":4}},"20":{"start":{"line":59,"column":2},"end":{"line":64,"column":16}},"21":{"start":{"line":62,"column":4},"end":{"line":62,"column":33}},"22":{"start":{"line":67,"column":2},"end":{"line":76,"column":16}},"23":{"start":{"line":69,"column":4},"end":{"line":69,"column":38}},"24":{"start":{"line":70,"column":4},"end":{"line":74,"column":18}},"25":{"start":{"line":72,"column":6},"end":{"line":72,"column":54}},"26":{"start":{"line":79,"column":2},"end":{"line":88,"column":16}},"27":{"start":{"line":81,"column":4},"end":{"line":81,"column":28}},"28":{"start":{"line":82,"column":4},"end":{"line":86,"column":18}},"29":{"start":{"line":84,"column":6},"end":{"line":84,"column":42}},"30":{"start":{"line":91,"column":0},"end":{"line":158,"column":4}},"31":{"start":{"line":94,"column":2},"end":{"line":99,"column":16}},"32":{"start":{"line":97,"column":4},"end":{"line":97,"column":60}},"33":{"start":{"line":102,"column":2},"end":{"line":116,"column":16}},"34":{"start":{"line":104,"column":4},"end":{"line":114,"column":5}},"35":{"start":{"line":105,"column":14},"end":{"line":105,"column":59}},"36":{"start":{"line":106,"column":5},"end":{"line":106,"column":21}},"37":{"start":{"line":107,"column":5},"end":{"line":107,"column":49}},"38":{"start":{"line":108,"column":5},"end":{"line":113,"column":19}},"39":{"start":{"line":111,"column":7},"end":{"line":111,"column":43}},"40":{"start":{"line":142,"column":2},"end":{"line":157,"column":16}},"41":{"start":{"line":144,"column":4},"end":{"line":155,"column":5}},"42":{"start":{"line":145,"column":5},"end":{"line":145,"column":64}},"43":{"start":{"line":146,"column":5},"end":{"line":148,"column":8}},"44":{"start":{"line":147,"column":6},"end":{"line":147,"column":51}},"45":{"start":{"line":149,"column":5},"end":{"line":154,"column":19}},"46":{"start":{"line":152,"column":7},"end":{"line":152,"column":41}},"47":{"start":{"line":160,"column":0},"end":{"line":194,"column":4}},"48":{"start":{"line":163,"column":2},"end":{"line":167,"column":16}},"49":{"start":{"line":165,"column":4},"end":{"line":165,"column":30}},"50":{"start":{"line":170,"column":2},"end":{"line":180,"column":16}},"51":{"start":{"line":172,"column":4},"end":{"line":172,"column":35}},"52":{"start":{"line":173,"column":4},"end":{"line":178,"column":18}},"53":{"start":{"line":176,"column":6},"end":{"line":176,"column":39}},"54":{"start":{"line":183,"column":2},"end":{"line":193,"column":16}},"55":{"start":{"line":185,"column":4},"end":{"line":185,"column":26}},"56":{"start":{"line":186,"column":4},"end":{"line":191,"column":18}},"57":{"start":{"line":189,"column":6},"end":{"line":189,"column":40}},"58":{"start":{"line":196,"column":0},"end":{"line":237,"column":4}},"59":{"start":{"line":199,"column":2},"end":{"line":203,"column":16}},"60":{"start":{"line":201,"column":4},"end":{"line":201,"column":55}},"61":{"start":{"line":206,"column":2},"end":{"line":220,"column":16}},"62":{"start":{"line":208,"column":17},"end":{"line":208,"column":57}},"63":{"start":{"line":209,"column":4},"end":{"line":209,"column":24}},"64":{"start":{"line":210,"column":4},"end":{"line":210,"column":48}},"65":{"start":{"line":211,"column":4},"end":{"line":211,"column":60}},"66":{"start":{"line":212,"column":4},"end":{"line":212,"column":24}},"67":{"start":{"line":213,"column":4},"end":{"line":218,"column":18}},"68":{"start":{"line":216,"column":6},"end":{"line":216,"column":57}},"69":{"start":{"line":223,"column":2},"end":{"line":236,"column":16}},"70":{"start":{"line":225,"column":4},"end":{"line":227,"column":7}},"71":{"start":{"line":226,"column":5},"end":{"line":226,"column":46}},"72":{"start":{"line":229,"column":4},"end":{"line":234,"column":18}},"73":{"start":{"line":232,"column":6},"end":{"line":232,"column":32}},"74":{"start":{"line":239,"column":0},"end":{"line":273,"column":4}},"75":{"start":{"line":242,"column":2},"end":{"line":246,"column":16}},"76":{"start":{"line":244,"column":4},"end":{"line":244,"column":32}},"77":{"start":{"line":249,"column":2},"end":{"line":259,"column":16}},"78":{"start":{"line":251,"column":4},"end":{"line":251,"column":37}},"79":{"start":{"line":252,"column":4},"end":{"line":257,"column":18}},"80":{"start":{"line":255,"column":6},"end":{"line":255,"column":41}},"81":{"start":{"line":262,"column":2},"end":{"line":272,"column":16}},"82":{"start":{"line":264,"column":4},"end":{"line":264,"column":27}},"83":{"start":{"line":265,"column":4},"end":{"line":270,"column":18}},"84":{"start":{"line":268,"column":6},"end":{"line":268,"column":41}},"85":{"start":{"line":275,"column":0},"end":{"line":312,"column":4}},"86":{"start":{"line":278,"column":2},"end":{"line":282,"column":16}},"87":{"start":{"line":280,"column":4},"end":{"line":280,"column":59}},"88":{"start":{"line":285,"column":2},"end":{"line":296,"column":16}},"89":{"start":{"line":287,"column":14},"end":{"line":287,"column":58}},"90":{"start":{"line":288,"column":4},"end":{"line":288,"column":37}},"91":{"start":{"line":289,"column":4},"end":{"line":294,"column":18}},"92":{"start":{"line":292,"column":6},"end":{"line":292,"column":61}},"93":{"start":{"line":299,"column":2},"end":{"line":311,"column":16}},"94":{"start":{"line":301,"column":4},"end":{"line":303,"column":7}},"95":{"start":{"line":302,"column":5},"end":{"line":302,"column":50}},"96":{"start":{"line":304,"column":4},"end":{"line":309,"column":18}},"97":{"start":{"line":307,"column":6},"end":{"line":307,"column":34}},"98":{"start":{"line":314,"column":0},"end":{"line":314,"column":24}}},"fnMap":{"0":{"name":"(anonymous_0)","decl":{"start":{"line":10,"column":6},"end":{"line":10,"column":7}},"loc":{"start":{"line":10,"column":26},"end":{"line":16,"column":2}},"line":10},"1":{"name":"(anonymous_1)","decl":{"start":{"line":12,"column":9},"end":{"line":12,"column":10}},"loc":{"start":{"line":12,"column":24},"end":{"line":14,"column":4}},"line":12},"2":{"name":"(anonymous_2)","decl":{"start":{"line":17,"column":7},"end":{"line":17,"column":8}},"loc":{"start":{"line":17,"column":27},"end":{"line":23,"column":2}},"line":17},"3":{"name":"(anonymous_3)","decl":{"start":{"line":19,"column":9},"end":{"line":19,"column":10}},"loc":{"start":{"line":19,"column":23},"end":{"line":21,"column":4}},"line":19},"4":{"name":"(anonymous_4)","decl":{"start":{"line":24,"column":27},"end":{"line":24,"column":28}},"loc":{"start":{"line":24,"column":47},"end":{"line":30,"column":2}},"line":24},"5":{"name":"(anonymous_5)","decl":{"start":{"line":26,"column":9},"end":{"line":26,"column":10}},"loc":{"start":{"line":26,"column":20},"end":{"line":28,"column":4}},"line":26},"6":{"name":"(anonymous_6)","decl":{"start":{"line":34,"column":6},"end":{"line":34,"column":7}},"loc":{"start":{"line":34,"column":26},"end":{"line":40,"column":2}},"line":34},"7":{"name":"(anonymous_7)","decl":{"start":{"line":36,"column":9},"end":{"line":36,"column":10}},"loc":{"start":{"line":36,"column":23},"end":{"line":38,"column":4}},"line":36},"8":{"name":"(anonymous_8)","decl":{"start":{"line":41,"column":6},"end":{"line":41,"column":7}},"loc":{"start":{"line":41,"column":26},"end":{"line":47,"column":2}},"line":41},"9":{"name":"(anonymous_9)","decl":{"start":{"line":43,"column":9},"end":{"line":43,"column":10}},"loc":{"start":{"line":43,"column":30},"end":{"line":45,"column":4}},"line":43},"10":{"name":"(anonymous_10)","decl":{"start":{"line":48,"column":27},"end":{"line":48,"column":28}},"loc":{"start":{"line":48,"column":47},"end":{"line":54,"column":2}},"line":48},"11":{"name":"(anonymous_11)","decl":{"start":{"line":50,"column":9},"end":{"line":50,"column":10}},"loc":{"start":{"line":50,"column":20},"end":{"line":52,"column":4}},"line":50},"12":{"name":"(anonymous_12)","decl":{"start":{"line":58,"column":6},"end":{"line":58,"column":7}},"loc":{"start":{"line":58,"column":26},"end":{"line":65,"column":2}},"line":58},"13":{"name":"(anonymous_13)","decl":{"start":{"line":61,"column":9},"end":{"line":61,"column":10}},"loc":{"start":{"line":61,"column":23},"end":{"line":63,"column":4}},"line":61},"14":{"name":"(anonymous_14)","decl":{"start":{"line":66,"column":7},"end":{"line":66,"column":8}},"loc":{"start":{"line":66,"column":27},"end":{"line":77,"column":2}},"line":66},"15":{"name":"(anonymous_15)","decl":{"start":{"line":68,"column":9},"end":{"line":68,"column":10}},"loc":{"start":{"line":68,"column":23},"end":{"line":75,"column":4}},"line":68},"16":{"name":"(anonymous_16)","decl":{"start":{"line":71,"column":11},"end":{"line":71,"column":12}},"loc":{"start":{"line":71,"column":32},"end":{"line":73,"column":6}},"line":71},"17":{"name":"(anonymous_17)","decl":{"start":{"line":78,"column":9},"end":{"line":78,"column":10}},"loc":{"start":{"line":78,"column":29},"end":{"line":89,"column":2}},"line":78},"18":{"name":"(anonymous_18)","decl":{"start":{"line":80,"column":9},"end":{"line":80,"column":10}},"loc":{"start":{"line":80,"column":23},"end":{"line":87,"column":4}},"line":80},"19":{"name":"(anonymous_19)","decl":{"start":{"line":83,"column":11},"end":{"line":83,"column":12}},"loc":{"start":{"line":83,"column":32},"end":{"line":85,"column":6}},"line":83},"20":{"name":"(anonymous_20)","decl":{"start":{"line":93,"column":6},"end":{"line":93,"column":7}},"loc":{"start":{"line":93,"column":26},"end":{"line":100,"column":2}},"line":93},"21":{"name":"(anonymous_21)","decl":{"start":{"line":96,"column":9},"end":{"line":96,"column":10}},"loc":{"start":{"line":96,"column":23},"end":{"line":98,"column":4}},"line":96},"22":{"name":"(anonymous_22)","decl":{"start":{"line":101,"column":6},"end":{"line":101,"column":7}},"loc":{"start":{"line":101,"column":26},"end":{"line":140,"column":2}},"line":101},"23":{"name":"(anonymous_23)","decl":{"start":{"line":103,"column":9},"end":{"line":103,"column":10}},"loc":{"start":{"line":103,"column":23},"end":{"line":115,"column":4}},"line":103},"24":{"name":"(anonymous_24)","decl":{"start":{"line":110,"column":12},"end":{"line":110,"column":13}},"loc":{"start":{"line":110,"column":33},"end":{"line":112,"column":7}},"line":110},"25":{"name":"(anonymous_25)","decl":{"start":{"line":141,"column":27},"end":{"line":141,"column":28}},"loc":{"start":{"line":141,"column":47},"end":{"line":158,"column":2}},"line":141},"26":{"name":"(anonymous_26)","decl":{"start":{"line":143,"column":9},"end":{"line":143,"column":10}},"loc":{"start":{"line":143,"column":23},"end":{"line":156,"column":4}},"line":143},"27":{"name":"(anonymous_27)","decl":{"start":{"line":146,"column":52},"end":{"line":146,"column":53}},"loc":{"start":{"line":146,"column":66},"end":{"line":148,"column":6}},"line":146},"28":{"name":"(anonymous_28)","decl":{"start":{"line":151,"column":12},"end":{"line":151,"column":13}},"loc":{"start":{"line":151,"column":33},"end":{"line":153,"column":7}},"line":151},"29":{"name":"(anonymous_29)","decl":{"start":{"line":162,"column":6},"end":{"line":162,"column":7}},"loc":{"start":{"line":162,"column":26},"end":{"line":168,"column":2}},"line":162},"30":{"name":"(anonymous_30)","decl":{"start":{"line":164,"column":9},"end":{"line":164,"column":10}},"loc":{"start":{"line":164,"column":23},"end":{"line":166,"column":4}},"line":164},"31":{"name":"(anonymous_31)","decl":{"start":{"line":169,"column":7},"end":{"line":169,"column":8}},"loc":{"start":{"line":169,"column":27},"end":{"line":181,"column":2}},"line":169},"32":{"name":"(anonymous_32)","decl":{"start":{"line":171,"column":9},"end":{"line":171,"column":10}},"loc":{"start":{"line":171,"column":23},"end":{"line":179,"column":4}},"line":171},"33":{"name":"(anonymous_33)","decl":{"start":{"line":175,"column":11},"end":{"line":175,"column":12}},"loc":{"start":{"line":175,"column":32},"end":{"line":177,"column":6}},"line":175},"34":{"name":"(anonymous_34)","decl":{"start":{"line":182,"column":27},"end":{"line":182,"column":28}},"loc":{"start":{"line":182,"column":47},"end":{"line":194,"column":2}},"line":182},"35":{"name":"(anonymous_35)","decl":{"start":{"line":184,"column":9},"end":{"line":184,"column":10}},"loc":{"start":{"line":184,"column":23},"end":{"line":192,"column":4}},"line":184},"36":{"name":"(anonymous_36)","decl":{"start":{"line":188,"column":11},"end":{"line":188,"column":12}},"loc":{"start":{"line":188,"column":32},"end":{"line":190,"column":6}},"line":188},"37":{"name":"(anonymous_37)","decl":{"start":{"line":198,"column":6},"end":{"line":198,"column":7}},"loc":{"start":{"line":198,"column":26},"end":{"line":204,"column":2}},"line":198},"38":{"name":"(anonymous_38)","decl":{"start":{"line":200,"column":9},"end":{"line":200,"column":10}},"loc":{"start":{"line":200,"column":23},"end":{"line":202,"column":4}},"line":200},"39":{"name":"(anonymous_39)","decl":{"start":{"line":205,"column":6},"end":{"line":205,"column":7}},"loc":{"start":{"line":205,"column":26},"end":{"line":221,"column":2}},"line":205},"40":{"name":"(anonymous_40)","decl":{"start":{"line":207,"column":9},"end":{"line":207,"column":10}},"loc":{"start":{"line":207,"column":23},"end":{"line":219,"column":4}},"line":207},"41":{"name":"(anonymous_41)","decl":{"start":{"line":215,"column":11},"end":{"line":215,"column":12}},"loc":{"start":{"line":215,"column":32},"end":{"line":217,"column":6}},"line":215},"42":{"name":"(anonymous_42)","decl":{"start":{"line":222,"column":27},"end":{"line":222,"column":28}},"loc":{"start":{"line":222,"column":47},"end":{"line":237,"column":2}},"line":222},"43":{"name":"(anonymous_43)","decl":{"start":{"line":224,"column":9},"end":{"line":224,"column":10}},"loc":{"start":{"line":224,"column":23},"end":{"line":235,"column":4}},"line":224},"44":{"name":"(anonymous_44)","decl":{"start":{"line":225,"column":45},"end":{"line":225,"column":46}},"loc":{"start":{"line":225,"column":57},"end":{"line":227,"column":5}},"line":225},"45":{"name":"(anonymous_45)","decl":{"start":{"line":231,"column":11},"end":{"line":231,"column":12}},"loc":{"start":{"line":231,"column":32},"end":{"line":233,"column":6}},"line":231},"46":{"name":"(anonymous_46)","decl":{"start":{"line":241,"column":6},"end":{"line":241,"column":7}},"loc":{"start":{"line":241,"column":26},"end":{"line":247,"column":2}},"line":241},"47":{"name":"(anonymous_47)","decl":{"start":{"line":243,"column":9},"end":{"line":243,"column":10}},"loc":{"start":{"line":243,"column":23},"end":{"line":245,"column":4}},"line":243},"48":{"name":"(anonymous_48)","decl":{"start":{"line":248,"column":7},"end":{"line":248,"column":8}},"loc":{"start":{"line":248,"column":27},"end":{"line":260,"column":2}},"line":248},"49":{"name":"(anonymous_49)","decl":{"start":{"line":250,"column":9},"end":{"line":250,"column":10}},"loc":{"start":{"line":250,"column":23},"end":{"line":258,"column":4}},"line":250},"50":{"name":"(anonymous_50)","decl":{"start":{"line":254,"column":11},"end":{"line":254,"column":12}},"loc":{"start":{"line":254,"column":32},"end":{"line":256,"column":6}},"line":254},"51":{"name":"(anonymous_51)","decl":{"start":{"line":261,"column":27},"end":{"line":261,"column":28}},"loc":{"start":{"line":261,"column":47},"end":{"line":273,"column":2}},"line":261},"52":{"name":"(anonymous_52)","decl":{"start":{"line":263,"column":9},"end":{"line":263,"column":10}},"loc":{"start":{"line":263,"column":23},"end":{"line":271,"column":4}},"line":263},"53":{"name":"(anonymous_53)","decl":{"start":{"line":267,"column":11},"end":{"line":267,"column":12}},"loc":{"start":{"line":267,"column":32},"end":{"line":269,"column":6}},"line":267},"54":{"name":"(anonymous_54)","decl":{"start":{"line":277,"column":6},"end":{"line":277,"column":7}},"loc":{"start":{"line":277,"column":26},"end":{"line":283,"column":2}},"line":277},"55":{"name":"(anonymous_55)","decl":{"start":{"line":279,"column":9},"end":{"line":279,"column":10}},"loc":{"start":{"line":279,"column":23},"end":{"line":281,"column":4}},"line":279},"56":{"name":"(anonymous_56)","decl":{"start":{"line":284,"column":6},"end":{"line":284,"column":7}},"loc":{"start":{"line":284,"column":26},"end":{"line":297,"column":2}},"line":284},"57":{"name":"(anonymous_57)","decl":{"start":{"line":286,"column":9},"end":{"line":286,"column":10}},"loc":{"start":{"line":286,"column":23},"end":{"line":295,"column":4}},"line":286},"58":{"name":"(anonymous_58)","decl":{"start":{"line":291,"column":11},"end":{"line":291,"column":12}},"loc":{"start":{"line":291,"column":32},"end":{"line":293,"column":6}},"line":291},"59":{"name":"(anonymous_59)","decl":{"start":{"line":298,"column":27},"end":{"line":298,"column":28}},"loc":{"start":{"line":298,"column":47},"end":{"line":312,"column":2}},"line":298},"60":{"name":"(anonymous_60)","decl":{"start":{"line":300,"column":9},"end":{"line":300,"column":10}},"loc":{"start":{"line":300,"column":23},"end":{"line":310,"column":4}},"line":300},"61":{"name":"(anonymous_61)","decl":{"start":{"line":301,"column":49},"end":{"line":301,"column":50}},"loc":{"start":{"line":301,"column":63},"end":{"line":303,"column":5}},"line":301},"62":{"name":"(anonymous_62)","decl":{"start":{"line":306,"column":11},"end":{"line":306,"column":12}},"loc":{"start":{"line":306,"column":32},"end":{"line":308,"column":6}},"line":306}},"branchMap":{"0":{"loc":{"start":{"line":104,"column":4},"end":{"line":114,"column":5}},"type":"if","locations":[{"start":{"line":104,"column":4},"end":{"line":114,"column":5}},{"start":{"line":104,"column":4},"end":{"line":114,"column":5}}],"line":104},"1":{"loc":{"start":{"line":144,"column":4},"end":{"line":155,"column":5}},"type":"if","locations":[{"start":{"line":144,"column":4},"end":{"line":155,"column":5}},{"start":{"line":144,"column":4},"end":{"line":155,"column":5}}],"line":144}},"s":{"0":1,"1":1,"2":1,"3":1,"4":1,"5":1,"6":1,"7":1,"8":1,"9":1,"10":0,"11":0,"12":1,"13":0,"14":0,"15":0,"16":0,"17":0,"18":0,"19":1,"20":1,"21":1,"22":1,"23":1,"24":1,"25":1,"26":0,"27":0,"28":0,"29":0,"30":1,"31":0,"32":0,"33":0,"34":0,"35":0,"36":0,"37":0,"38":0,"39":0,"40":0,"41":0,"42":0,"43":0,"44":0,"45":0,"46":0,"47":1,"48":1,"49":1,"50":1,"51":1,"52":1,"53":1,"54":0,"55":0,"56":0,"57":0,"58":1,"59":0,"60":0,"61":0,"62":0,"63":0,"64":0,"65":0,"66":0,"67":0,"68":0,"69":0,"70":0,"71":0,"72":0,"73":0,"74":1,"75":1,"76":1,"77":1,"78":1,"79":1,"80":1,"81":0,"82":0,"83":0,"84":0,"85":1,"86":0,"87":0,"88":0,"89":0,"90":0,"91":0,"92":0,"93":0,"94":0,"95":0,"96":0,"97":0,"98":1},"f":{"0":1,"1":1,"2":1,"3":1,"4":0,"5":0,"6":0,"7":0,"8":0,"9":0,"10":0,"11":0,"12":1,"13":1,"14":1,"15":1,"16":1,"17":0,"18":0,"19":0,"20":0,"21":0,"22":0,"23":0,"24":0,"25":0,"26":0,"27":0,"28":0,"29":1,"30":1,"31":1,"32":1,"33":1,"34":0,"35":0,"36":0,"37":0,"38":0,"39":0,"40":0,"41":0,"42":0,"43":0,"44":0,"45":0,"46":1,"47":1,"48":1,"49":1,"50":1,"51":0,"52":0,"53":0,"54":0,"55":0,"56":0,"57":0,"58":0,"59":0,"60":0,"61":0,"62":0},"b":{"0":[0,0],"1":[0,0]},"_coverageSchema":"1a1c01bbd47fc00a2c39e90264f33305004495a9","hash":"f48f224e4612a521f4444e50ff24ab469e094081"}
,"/Users/sunilshrestha/NodeJS/t2-backendapi-sunil172/routes/userRouter.js": {"path":"/Users/sunilshrestha/NodeJS/t2-backendapi-sunil172/routes/userRouter.js","statementMap":{"0":{"start":{"line":1,"column":16},"end":{"line":1,"column":34}},"1":{"start":{"line":2,"column":15},"end":{"line":2,"column":31}},"2":{"start":{"line":3,"column":15},"end":{"line":3,"column":34}},"3":{"start":{"line":4,"column":12},"end":{"line":4,"column":35}},"4":{"start":{"line":5,"column":13},"end":{"line":5,"column":38}},"5":{"start":{"line":6,"column":19},"end":{"line":6,"column":43}},"6":{"start":{"line":8,"column":0},"end":{"line":36,"column":3}},"7":{"start":{"line":9,"column":29},"end":{"line":9,"column":63}},"8":{"start":{"line":10,"column":1},"end":{"line":15,"column":2}},"9":{"start":{"line":11,"column":2},"end":{"line":14,"column":5}},"10":{"start":{"line":16,"column":86},"end":{"line":16,"column":94}},"11":{"start":{"line":17,"column":1},"end":{"line":35,"column":15}},"12":{"start":{"line":19,"column":3},"end":{"line":33,"column":4}},"13":{"start":{"line":20,"column":4},"end":{"line":23,"column":7}},"14":{"start":{"line":24,"column":10},"end":{"line":33,"column":4}},"15":{"start":{"line":25,"column":4},"end":{"line":32,"column":7}},"16":{"start":{"line":26,"column":5},"end":{"line":26,"column":31}},"17":{"start":{"line":26,"column":14},"end":{"line":26,"column":31}},"18":{"start":{"line":27,"column":5},"end":{"line":31,"column":19}},"19":{"start":{"line":29,"column":7},"end":{"line":29,"column":22}},"20":{"start":{"line":38,"column":0},"end":{"line":83,"column":3}},"21":{"start":{"line":39,"column":27},"end":{"line":39,"column":35}},"22":{"start":{"line":40,"column":1},"end":{"line":82,"column":15}},"23":{"start":{"line":42,"column":3},"end":{"line":52,"column":4}},"24":{"start":{"line":43,"column":4},"end":{"line":46,"column":7}},"25":{"start":{"line":47,"column":10},"end":{"line":52,"column":4}},"26":{"start":{"line":48,"column":4},"end":{"line":51,"column":7}},"27":{"start":{"line":53,"column":3},"end":{"line":80,"column":17}},"28":{"start":{"line":56,"column":5},"end":{"line":61,"column":6}},"29":{"start":{"line":57,"column":6},"end":{"line":60,"column":9}},"30":{"start":{"line":62,"column":19},"end":{"line":68,"column":6}},"31":{"start":{"line":69,"column":5},"end":{"line":78,"column":8}},"32":{"start":{"line":70,"column":6},"end":{"line":72,"column":7}},"33":{"start":{"line":71,"column":7},"end":{"line":71,"column":24}},"34":{"start":{"line":73,"column":6},"end":{"line":77,"column":9}},"35":{"start":{"line":85,"column":0},"end":{"line":85,"column":24}}},"fnMap":{"0":{"name":"(anonymous_0)","decl":{"start":{"line":8,"column":25},"end":{"line":8,"column":26}},"loc":{"start":{"line":8,"column":45},"end":{"line":36,"column":1}},"line":8},"1":{"name":"(anonymous_1)","decl":{"start":{"line":18,"column":8},"end":{"line":18,"column":9}},"loc":{"start":{"line":18,"column":18},"end":{"line":34,"column":3}},"line":18},"2":{"name":"(anonymous_2)","decl":{"start":{"line":25,"column":30},"end":{"line":25,"column":31}},"loc":{"start":{"line":25,"column":45},"end":{"line":32,"column":5}},"line":25},"3":{"name":"(anonymous_3)","decl":{"start":{"line":28,"column":12},"end":{"line":28,"column":13}},"loc":{"start":{"line":28,"column":22},"end":{"line":30,"column":7}},"line":28},"4":{"name":"(anonymous_4)","decl":{"start":{"line":38,"column":22},"end":{"line":38,"column":23}},"loc":{"start":{"line":38,"column":42},"end":{"line":83,"column":1}},"line":38},"5":{"name":"(anonymous_5)","decl":{"start":{"line":41,"column":8},"end":{"line":41,"column":9}},"loc":{"start":{"line":41,"column":18},"end":{"line":81,"column":3}},"line":41},"6":{"name":"(anonymous_6)","decl":{"start":{"line":55,"column":10},"end":{"line":55,"column":11}},"loc":{"start":{"line":55,"column":25},"end":{"line":79,"column":5}},"line":55},"7":{"name":"(anonymous_7)","decl":{"start":{"line":69,"column":43},"end":{"line":69,"column":44}},"loc":{"start":{"line":69,"column":59},"end":{"line":78,"column":6}},"line":69}},"branchMap":{"0":{"loc":{"start":{"line":10,"column":1},"end":{"line":15,"column":2}},"type":"if","locations":[{"start":{"line":10,"column":1},"end":{"line":15,"column":2}},{"start":{"line":10,"column":1},"end":{"line":15,"column":2}}],"line":10},"1":{"loc":{"start":{"line":19,"column":3},"end":{"line":33,"column":4}},"type":"if","locations":[{"start":{"line":19,"column":3},"end":{"line":33,"column":4}},{"start":{"line":19,"column":3},"end":{"line":33,"column":4}}],"line":19},"2":{"loc":{"start":{"line":24,"column":10},"end":{"line":33,"column":4}},"type":"if","locations":[{"start":{"line":24,"column":10},"end":{"line":33,"column":4}},{"start":{"line":24,"column":10},"end":{"line":33,"column":4}}],"line":24},"3":{"loc":{"start":{"line":26,"column":5},"end":{"line":26,"column":31}},"type":"if","locations":[{"start":{"line":26,"column":5},"end":{"line":26,"column":31}},{"start":{"line":26,"column":5},"end":{"line":26,"column":31}}],"line":26},"4":{"loc":{"start":{"line":42,"column":3},"end":{"line":52,"column":4}},"type":"if","locations":[{"start":{"line":42,"column":3},"end":{"line":52,"column":4}},{"start":{"line":42,"column":3},"end":{"line":52,"column":4}}],"line":42},"5":{"loc":{"start":{"line":47,"column":10},"end":{"line":52,"column":4}},"type":"if","locations":[{"start":{"line":47,"column":10},"end":{"line":52,"column":4}},{"start":{"line":47,"column":10},"end":{"line":52,"column":4}}],"line":47},"6":{"loc":{"start":{"line":56,"column":5},"end":{"line":61,"column":6}},"type":"if","locations":[{"start":{"line":56,"column":5},"end":{"line":61,"column":6}},{"start":{"line":56,"column":5},"end":{"line":61,"column":6}}],"line":56},"7":{"loc":{"start":{"line":70,"column":6},"end":{"line":72,"column":7}},"type":"if","locations":[{"start":{"line":70,"column":6},"end":{"line":72,"column":7}},{"start":{"line":70,"column":6},"end":{"line":72,"column":7}}],"line":70}},"s":{"0":3,"1":3,"2":3,"3":3,"4":3,"5":3,"6":3,"7":6,"8":6,"9":2,"10":4,"11":4,"12":4,"13":4,"14":0,"15":0,"16":0,"17":0,"18":0,"19":0,"20":3,"21":5,"22":5,"23":5,"24":1,"25":4,"26":0,"27":4,"28":4,"29":1,"30":3,"31":3,"32":3,"33":0,"34":3,"35":3},"f":{"0":6,"1":4,"2":0,"3":0,"4":5,"5":5,"6":4,"7":3},"b":{"0":[2,4],"1":[4,0],"2":[0,0],"3":[0,0],"4":[1,4],"5":[0,4],"6":[1,3],"7":[0,3]},"_coverageSchema":"1a1c01bbd47fc00a2c39e90264f33305004495a9","hash":"bc7fadbc79372239046044142516a9a510634514"}
,"/Users/sunilshrestha/NodeJS/t2-backendapi-sunil172/test/setup.js": {"path":"/Users/sunilshrestha/NodeJS/t2-backendapi-sunil172/test/setup.js","statementMap":{"0":{"start":{"line":1,"column":17},"end":{"line":1,"column":36}},"1":{"start":{"line":3,"column":0},"end":{"line":18,"column":3}},"2":{"start":{"line":4,"column":1},"end":{"line":17,"column":5}},"3":{"start":{"line":11,"column":3},"end":{"line":11,"column":32}},"4":{"start":{"line":12,"column":3},"end":{"line":12,"column":10}},"5":{"start":{"line":15,"column":3},"end":{"line":15,"column":22}},"6":{"start":{"line":16,"column":3},"end":{"line":16,"column":19}},"7":{"start":{"line":20,"column":0},"end":{"line":25,"column":3}},"8":{"start":{"line":21,"column":1},"end":{"line":24,"column":4}},"9":{"start":{"line":22,"column":2},"end":{"line":22,"column":35}},"10":{"start":{"line":23,"column":2},"end":{"line":23,"column":9}}},"fnMap":{"0":{"name":"(anonymous_0)","decl":{"start":{"line":3,"column":10},"end":{"line":3,"column":11}},"loc":{"start":{"line":3,"column":20},"end":{"line":18,"column":1}},"line":3},"1":{"name":"(anonymous_1)","decl":{"start":{"line":10,"column":8},"end":{"line":10,"column":9}},"loc":{"start":{"line":10,"column":16},"end":{"line":13,"column":3}},"line":10},"2":{"name":"(anonymous_2)","decl":{"start":{"line":14,"column":9},"end":{"line":14,"column":10}},"loc":{"start":{"line":14,"column":18},"end":{"line":17,"column":3}},"line":14},"3":{"name":"(anonymous_3)","decl":{"start":{"line":20,"column":9},"end":{"line":20,"column":10}},"loc":{"start":{"line":20,"column":19},"end":{"line":25,"column":1}},"line":20},"4":{"name":"(anonymous_4)","decl":{"start":{"line":21,"column":28},"end":{"line":21,"column":29}},"loc":{"start":{"line":21,"column":34},"end":{"line":24,"column":2}},"line":21}},"branchMap":{},"s":{"0":3,"1":3,"2":3,"3":3,"4":3,"5":0,"6":0,"7":3,"8":3,"9":3,"10":3},"f":{"0":3,"1":3,"2":0,"3":3,"4":3},"b":{},"_coverageSchema":"1a1c01bbd47fc00a2c39e90264f33305004495a9","hash":"0b3bff7fb3dc25ea4f003527b64aff5d97186cc7"}
}
