TN:
SF:validation.js
FN:3,(anonymous_0)
FNF:1
FNH:1
FNDA:6,(anonymous_0)
DA:1,3
DA:3,3
DA:4,6
DA:6,6
DA:7,5
DA:8,0
DA:10,1
DA:12,6
DA:13,6
DA:14,1
DA:16,0
DA:17,6
DA:23,3
LF:13
LH:11
BRDA:6,0,0,5
BRDA:6,0,1,1
BRDA:7,1,0,0
BRDA:7,1,1,5
BRDA:12,2,0,6
BRDA:12,2,1,0
BRDA:13,3,0,1
BRDA:13,3,1,5
BRF:8
BRH:6
end_of_record
TN:
SF:models/Agenda.js
FNF:0
FNH:0
DA:1,1
DA:3,1
DA:12,1
LF:3
LH:3
BRF:0
BRH:0
end_of_record
TN:
SF:models/Decision.js
FNF:0
FNH:0
DA:1,1
DA:3,1
DA:9,1
LF:3
LH:3
BRF:0
BRH:0
end_of_record
TN:
SF:models/Schedule.js
FNF:0
FNH:0
DA:1,1
DA:2,1
DA:3,1
DA:4,1
DA:6,1
DA:50,1
LF:6
LH:6
BRF:0
BRH:0
end_of_record
TN:
SF:models/User.js
FNF:0
FNH:0
DA:1,3
DA:3,3
DA:36,3
LF:3
LH:3
BRF:0
BRH:0
end_of_record
TN:
SF:routes/auth.js
FN:3,verifyUser
FN:11,(anonymous_1)
FN:24,verifyBasic
FN:38,verfiyAdmin
FNF:4
FNH:2
FNDA:76,verifyUser
FNDA:76,(anonymous_1)
FNDA:0,verifyBasic
FNDA:0,verfiyAdmin
DA:1,2
DA:4,76
DA:5,76
DA:6,0
DA:7,0
DA:8,0
DA:10,76
DA:11,76
DA:12,76
DA:13,0
DA:14,0
DA:15,0
DA:17,76
DA:18,76
DA:19,76
DA:25,0
DA:26,0
DA:27,0
DA:28,0
DA:30,0
DA:31,0
DA:32,0
DA:33,0
DA:35,0
DA:39,0
DA:40,0
DA:41,0
DA:42,0
DA:44,0
DA:45,0
DA:46,0
DA:47,0
DA:49,0
DA:52,2
LF:34
LH:10
BRDA:5,0,0,0
BRDA:5,0,1,76
BRDA:12,1,0,0
BRDA:12,1,1,76
BRDA:25,2,0,0
BRDA:25,2,1,0
BRDA:30,3,0,0
BRDA:30,3,1,0
BRDA:39,4,0,0
BRDA:39,4,1,0
BRDA:44,5,0,0
BRDA:44,5,1,0
BRF:12
BRH:2
end_of_record
TN:
SF:routes/participantsRouter.js
FN:8,(anonymous_0)
FN:10,(anonymous_1)
FN:15,(anonymous_2)
FN:18,(anonymous_3)
FN:26,(anonymous_4)
FN:36,(anonymous_5)
FN:38,(anonymous_6)
FN:43,(anonymous_7)
FN:45,(anonymous_8)
FN:50,(anonymous_9)
FN:52,(anonymous_10)
FNF:11
FNH:6
FNDA:1,(anonymous_0)
FNDA:1,(anonymous_1)
FNDA:2,(anonymous_2)
FNDA:2,(anonymous_3)
FNDA:0,(anonymous_4)
FNDA:1,(anonymous_5)
FNDA:0,(anonymous_6)
FNDA:1,(anonymous_7)
FNDA:0,(anonymous_8)
FNDA:0,(anonymous_9)
FNDA:0,(anonymous_10)
DA:1,2
DA:2,2
DA:3,2
DA:4,2
DA:6,2
DA:9,1
DA:11,1
DA:16,2
DA:17,2
DA:19,2
DA:20,2
DA:25,0
DA:27,0
DA:34,2
DA:37,1
DA:39,0
DA:44,1
DA:46,0
DA:51,0
DA:53,0
DA:58,2
LF:21
LH:15
BRDA:19,0,0,2
BRDA:19,0,1,0
BRF:2
BRH:1
end_of_record
TN:
SF:routes/scheduleRouter.js
FN:10,(anonymous_0)
FN:12,(anonymous_1)
FN:17,(anonymous_2)
FN:19,(anonymous_3)
FN:24,(anonymous_4)
FN:26,(anonymous_5)
FN:34,(anonymous_6)
FN:36,(anonymous_7)
FN:41,(anonymous_8)
FN:43,(anonymous_9)
FN:48,(anonymous_10)
FN:50,(anonymous_11)
FN:58,(anonymous_12)
FN:61,(anonymous_13)
FN:66,(anonymous_14)
FN:68,(anonymous_15)
FN:71,(anonymous_16)
FN:78,(anonymous_17)
FN:80,(anonymous_18)
FN:83,(anonymous_19)
FN:93,(anonymous_20)
FN:96,(anonymous_21)
FN:101,(anonymous_22)
FN:103,(anonymous_23)
FN:110,(anonymous_24)
FN:141,(anonymous_25)
FN:143,(anonymous_26)
FN:146,(anonymous_27)
FN:151,(anonymous_28)
FN:162,(anonymous_29)
FN:164,(anonymous_30)
FN:169,(anonymous_31)
FN:171,(anonymous_32)
FN:175,(anonymous_33)
FN:182,(anonymous_34)
FN:184,(anonymous_35)
FN:188,(anonymous_36)
FN:198,(anonymous_37)
FN:200,(anonymous_38)
FN:205,(anonymous_39)
FN:207,(anonymous_40)
FN:215,(anonymous_41)
FN:222,(anonymous_42)
FN:224,(anonymous_43)
FN:225,(anonymous_44)
FN:231,(anonymous_45)
FN:241,(anonymous_46)
FN:243,(anonymous_47)
FN:248,(anonymous_48)
FN:250,(anonymous_49)
FN:254,(anonymous_50)
FN:261,(anonymous_51)
FN:263,(anonymous_52)
FN:267,(anonymous_53)
FN:277,(anonymous_54)
FN:279,(anonymous_55)
FN:284,(anonymous_56)
FN:286,(anonymous_57)
FN:291,(anonymous_58)
FN:298,(anonymous_59)
FN:300,(anonymous_60)
FN:301,(anonymous_61)
FN:306,(anonymous_62)
FNF:63
FNH:19
FNDA:1,(anonymous_0)
FNDA:1,(anonymous_1)
FNDA:1,(anonymous_2)
FNDA:1,(anonymous_3)
FNDA:0,(anonymous_4)
FNDA:0,(anonymous_5)
FNDA:0,(anonymous_6)
FNDA:0,(anonymous_7)
FNDA:0,(anonymous_8)
FNDA:0,(anonymous_9)
FNDA:0,(anonymous_10)
FNDA:0,(anonymous_11)
FNDA:1,(anonymous_12)
FNDA:1,(anonymous_13)
FNDA:1,(anonymous_14)
FNDA:1,(anonymous_15)
FNDA:1,(anonymous_16)
FNDA:0,(anonymous_17)
FNDA:0,(anonymous_18)
FNDA:0,(anonymous_19)
FNDA:0,(anonymous_20)
FNDA:0,(anonymous_21)
FNDA:0,(anonymous_22)
FNDA:0,(anonymous_23)
FNDA:0,(anonymous_24)
FNDA:0,(anonymous_25)
FNDA:0,(anonymous_26)
FNDA:0,(anonymous_27)
FNDA:0,(anonymous_28)
FNDA:1,(anonymous_29)
FNDA:1,(anonymous_30)
FNDA:1,(anonymous_31)
FNDA:1,(anonymous_32)
FNDA:1,(anonymous_33)
FNDA:0,(anonymous_34)
FNDA:0,(anonymous_35)
FNDA:0,(anonymous_36)
FNDA:0,(anonymous_37)
FNDA:0,(anonymous_38)
FNDA:0,(anonymous_39)
FNDA:0,(anonymous_40)
FNDA:0,(anonymous_41)
FNDA:0,(anonymous_42)
FNDA:0,(anonymous_43)
FNDA:0,(anonymous_44)
FNDA:0,(anonymous_45)
FNDA:1,(anonymous_46)
FNDA:1,(anonymous_47)
FNDA:1,(anonymous_48)
FNDA:1,(anonymous_49)
FNDA:1,(anonymous_50)
FNDA:0,(anonymous_51)
FNDA:0,(anonymous_52)
FNDA:0,(anonymous_53)
FNDA:0,(anonymous_54)
FNDA:0,(anonymous_55)
FNDA:0,(anonymous_56)
FNDA:0,(anonymous_57)
FNDA:0,(anonymous_58)
FNDA:0,(anonymous_59)
FNDA:0,(anonymous_60)
FNDA:0,(anonymous_61)
FNDA:0,(anonymous_62)
DA:1,1
DA:2,1
DA:4,1
DA:5,1
DA:6,1
DA:8,1
DA:11,1
DA:13,1
DA:18,1
DA:20,1
DA:25,0
DA:27,0
DA:32,1
DA:35,0
DA:37,0
DA:42,0
DA:44,0
DA:49,0
DA:51,0
DA:56,1
DA:59,1
DA:62,1
DA:67,1
DA:69,1
DA:70,1
DA:72,1
DA:79,0
DA:81,0
DA:82,0
DA:84,0
DA:91,1
DA:94,0
DA:97,0
DA:102,0
DA:104,0
DA:105,0
DA:106,0
DA:107,0
DA:108,0
DA:111,0
DA:142,0
DA:144,0
DA:145,0
DA:146,0
DA:147,0
DA:149,0
DA:152,0
DA:160,1
DA:163,1
DA:165,1
DA:170,1
DA:172,1
DA:173,1
DA:176,1
DA:183,0
DA:185,0
DA:186,0
DA:189,0
DA:196,1
DA:199,0
DA:201,0
DA:206,0
DA:208,0
DA:209,0
DA:210,0
DA:211,0
DA:212,0
DA:213,0
DA:216,0
DA:223,0
DA:225,0
DA:226,0
DA:229,0
DA:232,0
DA:239,1
DA:242,1
DA:244,1
DA:249,1
DA:251,1
DA:252,1
DA:255,1
DA:262,0
DA:264,0
DA:265,0
DA:268,0
DA:275,1
DA:278,0
DA:280,0
DA:285,0
DA:287,0
DA:288,0
DA:289,0
DA:292,0
DA:299,0
DA:301,0
DA:302,0
DA:304,0
DA:307,0
DA:314,1
LF:99
LH:36
BRDA:104,0,0,0
BRDA:104,0,1,0
BRDA:144,1,0,0
BRDA:144,1,1,0
BRF:4
BRH:0
end_of_record
TN:
SF:routes/userRouter.js
FN:8,(anonymous_0)
FN:18,(anonymous_1)
FN:25,(anonymous_2)
FN:28,(anonymous_3)
FN:38,(anonymous_4)
FN:41,(anonymous_5)
FN:55,(anonymous_6)
FN:69,(anonymous_7)
FNF:8
FNH:6
FNDA:6,(anonymous_0)
FNDA:4,(anonymous_1)
FNDA:0,(anonymous_2)
FNDA:0,(anonymous_3)
FNDA:5,(anonymous_4)
FNDA:5,(anonymous_5)
FNDA:4,(anonymous_6)
FNDA:3,(anonymous_7)
DA:1,3
DA:2,3
DA:3,3
DA:4,3
DA:5,3
DA:6,3
DA:8,3
DA:9,6
DA:10,6
DA:11,2
DA:16,4
DA:17,4
DA:19,4
DA:20,4
DA:24,0
DA:25,0
DA:26,0
DA:27,0
DA:29,0
DA:38,3
DA:39,5
DA:40,5
DA:42,5
DA:43,1
DA:47,4
DA:48,0
DA:53,4
DA:56,4
DA:57,1
DA:62,3
DA:69,3
DA:70,3
DA:71,0
DA:73,3
DA:85,3
LF:35
LH:28
BRDA:10,0,0,2
BRDA:10,0,1,4
BRDA:19,1,0,4
BRDA:19,1,1,0
BRDA:24,2,0,0
BRDA:24,2,1,0
BRDA:26,3,0,0
BRDA:26,3,1,0
BRDA:42,4,0,1
BRDA:42,4,1,4
BRDA:47,5,0,0
BRDA:47,5,1,4
BRDA:56,6,0,1
BRDA:56,6,1,3
BRDA:70,7,0,0
BRDA:70,7,1,3
BRF:16
BRH:9
end_of_record
TN:
SF:test/setup.js
FN:3,(anonymous_0)
FN:10,(anonymous_1)
FN:14,(anonymous_2)
FN:20,(anonymous_3)
FN:21,(anonymous_4)
FNF:5
FNH:4
FNDA:3,(anonymous_0)
FNDA:3,(anonymous_1)
FNDA:0,(anonymous_2)
FNDA:3,(anonymous_3)
FNDA:3,(anonymous_4)
DA:1,3
DA:3,3
DA:4,3
DA:11,3
DA:12,3
DA:15,0
DA:16,0
DA:20,3
DA:21,3
DA:22,3
DA:23,3
LF:11
LH:9
BRF:0
BRH:0
end_of_record
